radio18plus/proguard/seeds.txt
com.thoughtworks.xstream.converters.reflection.ExternalizableConverter$2
com.thoughtworks.xstream.converters.reflection.ExternalizableConverter$2: com.thoughtworks.xstream.io.HierarchicalStreamReader val$reader
com.thoughtworks.xstream.converters.reflection.ExternalizableConverter$2: com.thoughtworks.xstream.converters.UnmarshallingContext val$context
com.thoughtworks.xstream.converters.reflection.ExternalizableConverter$2: java.io.Externalizable val$externalizable
com.thoughtworks.xstream.converters.reflection.ExternalizableConverter$2: com.thoughtworks.xstream.converters.reflection.ExternalizableConverter this$0
com.thoughtworks.xstream.converters.reflection.ExternalizableConverter$2: ExternalizableConverter$2(com.thoughtworks.xstream.converters.reflection.ExternalizableConverter,com.thoughtworks.xstream.io.HierarchicalStreamReader,com.thoughtworks.xstream.converters.UnmarshallingContext,java.io.Externalizable)
com.thoughtworks.xstream.converters.reflection.ExternalizableConverter$2: java.lang.Object readFromStream()
com.thoughtworks.xstream.converters.reflection.ExternalizableConverter$2: java.util.Map readFieldsFromStream()
com.thoughtworks.xstream.converters.reflection.ExternalizableConverter$2: void defaultReadObject()
com.thoughtworks.xstream.converters.reflection.ExternalizableConverter$2: void registerValidation(java.io.ObjectInputValidation,int)
com.thoughtworks.xstream.converters.reflection.ExternalizableConverter$2: void close()
com.thoughtworks.xstream.converters.reflection.FieldDictionary
com.thoughtworks.xstream.converters.reflection.FieldDictionary: java.util.Map keyedByFieldNameCache
com.thoughtworks.xstream.converters.reflection.FieldDictionary: java.util.Map keyedByFieldKeyCache
com.thoughtworks.xstream.converters.reflection.FieldDictionary: com.thoughtworks.xstream.converters.reflection.FieldKeySorter sorter
com.thoughtworks.xstream.converters.reflection.FieldDictionary: FieldDictionary()
com.thoughtworks.xstream.converters.reflection.FieldDictionary: FieldDictionary(com.thoughtworks.xstream.converters.reflection.FieldKeySorter)
com.thoughtworks.xstream.converters.reflection.FieldDictionary: void init()
com.thoughtworks.xstream.converters.reflection.FieldDictionary: java.util.Iterator serializableFieldsFor(java.lang.Class)
com.thoughtworks.xstream.converters.reflection.FieldDictionary: java.util.Iterator fieldsFor(java.lang.Class)
com.thoughtworks.xstream.converters.reflection.FieldDictionary: java.lang.reflect.Field field(java.lang.Class,java.lang.String,java.lang.Class)
com.thoughtworks.xstream.converters.reflection.FieldDictionary: java.lang.reflect.Field fieldOrNull(java.lang.Class,java.lang.String,java.lang.Class)
com.thoughtworks.xstream.converters.reflection.FieldDictionary: java.util.Map buildMap(java.lang.Class,boolean)
com.thoughtworks.xstream.converters.reflection.FieldDictionary: void flushCache()
com.thoughtworks.xstream.converters.reflection.FieldKey
com.thoughtworks.xstream.converters.reflection.FieldKey: java.lang.String fieldName
com.thoughtworks.xstream.converters.reflection.FieldKey: java.lang.Class declaringClass
com.thoughtworks.xstream.converters.reflection.FieldKey: int depth
com.thoughtworks.xstream.converters.reflection.FieldKey: int order
com.thoughtworks.xstream.converters.reflection.FieldKey: FieldKey(java.lang.String,java.lang.Class,int)
com.thoughtworks.xstream.converters.reflection.FieldKey: java.lang.String getFieldName()
com.thoughtworks.xstream.converters.reflection.FieldKey: java.lang.Class getDeclaringClass()
com.thoughtworks.xstream.converters.reflection.FieldKey: int getDepth()
com.thoughtworks.xstream.converters.reflection.FieldKey: int getOrder()
com.thoughtworks.xstream.converters.reflection.FieldKey: boolean equals(java.lang.Object)
com.thoughtworks.xstream.converters.reflection.FieldKey: int hashCode()
com.thoughtworks.xstream.converters.reflection.FieldKey: java.lang.String toString()