radio18plus/proguard/mapping.txt
android.support.v4.os.ParcelableCompatCreatorCallbacks -> android.support.v4.a.b:
    java.lang.Object createFromParcel(android.os.Parcel,java.lang.ClassLoader) -> a
    java.lang.Object[] newArray(int) -> a
android.support.v4.os.ParcelableCompatCreatorHoneycombMR2 -> android.support.v4.a.c:
    android.support.v4.os.ParcelableCompatCreatorCallbacks mCallbacks -> a
    java.lang.Object createFromParcel(android.os.Parcel) -> createFromParcel
    java.lang.Object createFromParcel(android.os.Parcel,java.lang.ClassLoader) -> createFromParcel
    java.lang.Object[] newArray(int) -> newArray
android.support.v4.os.ParcelableCompatCreatorHoneycombMR2Stub -> android.support.v4.a.d:
    android.os.Parcelable$Creator instantiate(android.support.v4.os.ParcelableCompatCreatorCallbacks) -> a
android.support.v4.util.DebugUtils -> android.support.v4.b.a:
    void buildShortClassTag(java.lang.Object,java.lang.StringBuilder) -> a
android.support.v4.util.LogWriter -> android.support.v4.b.b:
    java.lang.String mTag -> a
    java.lang.StringBuilder mBuilder -> b
    void close() -> close
    void flush() -> flush
    void write(char[],int,int) -> write
    void flushBuilder() -> a
android.support.v4.util.SparseArrayCompat -> android.support.v4.b.c:
    java.lang.Object DELETED -> a
    boolean mGarbage -> b
    int[] mKeys -> c
    java.lang.Object[] mValues -> d
    int mSize -> e
    java.lang.Object get(int) -> a
    java.lang.Object get(int,java.lang.Object) -> a
    void delete(int) -> b
    void remove(int) -> c
    void removeAt(int) -> d
    void gc() -> c
    void put(int,java.lang.Object) -> b
    int size() -> a
    int keyAt(int) -> e
    java.lang.Object valueAt(int) -> f
    int indexOfKey(int) -> g
    void clear() -> b
    int binarySearch(int[],int,int,int) -> a
    int idealByteArraySize(int) -> h
    int idealIntArraySize(int) -> i
android.support.v4.view.AccessibilityDelegateCompat -> android.support.v4.view.a:
    android.support.v4.view.AccessibilityDelegateCompat$AccessibilityDelegateImpl IMPL -> b
    java.lang.Object DEFAULT_DELEGATE -> c
    java.lang.Object mBridge -> a
    java.lang.Object getBridge() -> a
    void sendAccessibilityEvent(android.view.View,int) -> a
    void sendAccessibilityEventUnchecked(android.view.View,android.view.accessibility.AccessibilityEvent) -> a
    boolean dispatchPopulateAccessibilityEvent(android.view.View,android.view.accessibility.AccessibilityEvent) -> b
    void onPopulateAccessibilityEvent(android.view.View,android.view.accessibility.AccessibilityEvent) -> c
    void onInitializeAccessibilityEvent(android.view.View,android.view.accessibility.AccessibilityEvent) -> d
    void onInitializeAccessibilityNodeInfo(android.view.View,android.support.v4.view.accessibility.AccessibilityNodeInfoCompat) -> a
    boolean onRequestSendAccessibilityEvent(android.view.ViewGroup,android.view.View,android.view.accessibility.AccessibilityEvent) -> a
    android.support.v4.view.accessibility.AccessibilityNodeProviderCompat getAccessibilityNodeProvider(android.view.View) -> a
    boolean performAccessibilityAction(android.view.View,int,android.os.Bundle) -> a