radio18plus/proguard/usage.txt
com.google.analytics.tracking.android.AnalyticsThread$ClientIdCallback
com.google.analytics.tracking.android.CampaignTrackingReceiver:
    static final java.lang.String INSTALL_ACTION
    static final java.lang.String CAMPAIGN_KEY
com.google.analytics.tracking.android.CampaignTrackingService:
    16:17:public CampaignTrackingService(java.lang.String)
com.google.analytics.tracking.android.Clock
com.google.analytics.tracking.android.Dispatcher
com.google.analytics.tracking.android.EasyTracker
com.google.analytics.tracking.android.EasyTracker$1
com.google.analytics.tracking.android.EasyTracker$NoopTracker
com.google.analytics.tracking.android.EasyTracker$NotInForegroundTimerTask
com.google.analytics.tracking.android.ExceptionParser
com.google.analytics.tracking.android.ExceptionReporter
com.google.analytics.tracking.android.FutureApis
com.google.analytics.tracking.android.GANetworkReceiver
com.google.analytics.tracking.android.GAServiceManager
com.google.analytics.tracking.android.GAServiceManager$1
com.google.analytics.tracking.android.GAServiceManager$2
com.google.analytics.tracking.android.GAServiceProxy
com.google.analytics.tracking.android.GAServiceProxy$1
com.google.analytics.tracking.android.GAServiceProxy$2
com.google.analytics.tracking.android.GAServiceProxy$3
com.google.analytics.tracking.android.GAServiceProxy$ConnectState
com.google.analytics.tracking.android.GAServiceProxy$DisconnectCheckTask
com.google.analytics.tracking.android.GAServiceProxy$FailedConnectTask
com.google.analytics.tracking.android.GAServiceProxy$HitParams
com.google.analytics.tracking.android.GAServiceProxy$ReconnectTask
com.google.analytics.tracking.android.GAThread
com.google.analytics.tracking.android.GAThread$1
com.google.analytics.tracking.android.GAThread$2
com.google.analytics.tracking.android.GAThread$3
com.google.analytics.tracking.android.GAThread$4
com.google.analytics.tracking.android.GAThread$5
com.google.analytics.tracking.android.GAUsage
com.google.analytics.tracking.android.GAUsage$Field
com.google.analytics.tracking.android.GoogleAnalytics
com.google.analytics.tracking.android.GoogleAnalytics$1
com.google.analytics.tracking.android.GoogleAnalytics$2
com.google.analytics.tracking.android.GoogleAnalytics$AppOptOutCallback
com.google.analytics.tracking.android.Hit
com.google.analytics.tracking.android.HitBuilder
com.google.analytics.tracking.android.HttpClientFactory
com.google.analytics.tracking.android.Log:
    static final java.lang.String LOG_TAG
    private static boolean sDebug
    22:23:private Log()
    31:32:public static void setDebug(boolean)
    40:40:public static boolean isDebugEnabled()
    51:51:public static int d(java.lang.String)
    62:65:public static int dDebug(java.lang.String)
    87:90:public static int eDebug(java.lang.String)
    101:101:public static int i(java.lang.String)
    112:115:public static int iDebug(java.lang.String)
    126:126:public static int v(java.lang.String)
    137:140:public static int vDebug(java.lang.String)
    151:151:public static int w(java.lang.String)
    162:165:public static int wDebug(java.lang.String)
com.google.analytics.tracking.android.MetaModel
com.google.analytics.tracking.android.MetaModel$Formatter
com.google.analytics.tracking.android.MetaModel$MetaInfo
com.google.analytics.tracking.android.MetaModelInitializer
com.google.analytics.tracking.android.MetaModelInitializer$1
com.google.analytics.tracking.android.MetaModelInitializer$2
com.google.analytics.tracking.android.ModelFields
com.google.analytics.tracking.android.NoopDispatcher
com.google.analytics.tracking.android.ParameterLoader
com.google.analytics.tracking.android.ParameterLoaderImpl
com.google.analytics.tracking.android.PersistentAnalyticsStore
com.google.analytics.tracking.android.PersistentAnalyticsStore$1
com.google.analytics.tracking.android.PersistentAnalyticsStore$2
com.google.analytics.tracking.android.PersistentAnalyticsStore$AnalyticsDatabaseHelper